Using pre-set license
Built from '2021.3/staging' branch; Version is '2021.3.10f1 (1c7d0df0160b) revision 1867021'; Using compiler version '192829333'; Build Type 'Release'
OS: 'Windows 10  (10.0.19044) 64bit Professional' Language: 'ru' Physical Memory: 16310 MB
BatchMode: 1, IsHumanControllingUs: 0, StartBugReporterOnCrash: 0, Is64bit: 1, IsPro: 1

COMMAND LINE ARGUMENTS:
D:\UnityEditor\2021.3.10f1\Editor\Unity.exe
-adb2
-batchMode
-noUpm
-name
AssetImportWorker0
-projectPath
E:/Study/NewTime/Unity Project/GameScreen/Game_Screensavers
-logFile
Logs/AssetImportWorker0.log
-srvPort
52120
Successfully changed project path to: E:/Study/NewTime/Unity Project/GameScreen/Game_Screensavers
E:/Study/NewTime/Unity Project/GameScreen/Game_Screensavers
[UnityMemory] Configuration Parameters - Can be set up in boot.config
    "memorysetup-bucket-allocator-granularity=16"
    "memorysetup-bucket-allocator-bucket-count=8"
    "memorysetup-bucket-allocator-block-size=33554432"
    "memorysetup-bucket-allocator-block-count=8"
    "memorysetup-main-allocator-block-size=16777216"
    "memorysetup-thread-allocator-block-size=16777216"
    "memorysetup-gfx-main-allocator-block-size=16777216"
    "memorysetup-gfx-thread-allocator-block-size=16777216"
    "memorysetup-cache-allocator-block-size=4194304"
    "memorysetup-typetree-allocator-block-size=2097152"
    "memorysetup-profiler-bucket-allocator-granularity=16"
    "memorysetup-profiler-bucket-allocator-bucket-count=8"
    "memorysetup-profiler-bucket-allocator-block-size=33554432"
    "memorysetup-profiler-bucket-allocator-block-count=8"
    "memorysetup-profiler-allocator-block-size=16777216"
    "memorysetup-profiler-editor-allocator-block-size=1048576"
    "memorysetup-temp-allocator-size-main=16777216"
    "memorysetup-job-temp-allocator-block-size=2097152"
    "memorysetup-job-temp-allocator-block-size-background=1048576"
    "memorysetup-job-temp-allocator-reduction-small-platforms=262144"
    "memorysetup-temp-allocator-size-background-worker=32768"
    "memorysetup-temp-allocator-size-job-worker=262144"
    "memorysetup-temp-allocator-size-preload-manager=33554432"
    "memorysetup-temp-allocator-size-nav-mesh-worker=65536"
    "memorysetup-temp-allocator-size-audio-worker=65536"
    "memorysetup-temp-allocator-size-cloud-worker=32768"
    "memorysetup-temp-allocator-size-gi-baking-worker=262144"
    "memorysetup-temp-allocator-size-gfx=262144"
Refreshing native plugins compatible for Editor in 205.40 ms, found 3 plugins.
Preloading 0 native plugins for Editor in 0.00 ms.
Initialize engine version: 2021.3.10f1 (1c7d0df0160b)
[Subsystems] Discovering subsystems at path D:/UnityEditor/2021.3.10f1/Editor/Data/Resources/UnitySubsystems
[Subsystems] Discovering subsystems at path E:/Study/NewTime/Unity Project/GameScreen/Game_Screensavers/Assets
GfxDevice: creating device client; threaded=0; jobified=0
Direct3D:
    Version:  Direct3D 11.0 [level 11.1]
    Renderer: NVIDIA GeForce GTX 1060 6GB (ID=0x1b83)
    Vendor:   NVIDIA
    VRAM:     6052 MB
    Driver:   31.0.15.1694
Initialize mono
Mono path[0] = 'D:/UnityEditor/2021.3.10f1/Editor/Data/Managed'
Mono path[1] = 'D:/UnityEditor/2021.3.10f1/Editor/Data/MonoBleedingEdge/lib/mono/unityjit-win32'
Mono config path = 'D:/UnityEditor/2021.3.10f1/Editor/Data/MonoBleedingEdge/etc'
Using monoOptions --debugger-agent=transport=dt_socket,embedding=1,server=y,suspend=n,address=127.0.0.1:56924
Begin MonoManager ReloadAssembly
Registering precompiled unity dll's ...
Register platform support module: D:/UnityEditor/2021.3.10f1/Editor/Data/PlaybackEngines/WebGLSupport/UnityEditor.WebGL.Extensions.dll
Register platform support module: D:/UnityEditor/2021.3.10f1/Editor/Data/PlaybackEngines/WindowsStandaloneSupport/UnityEditor.WindowsStandalone.Extensions.dll
Registered in 0.199326 seconds.
Native extension for WindowsStandalone target not found
Native extension for WebGL target not found
Refreshing native plugins compatible for Editor in 105.24 ms, found 3 plugins.
Preloading 0 native plugins for Editor in 0.00 ms.
Mono: successfully reloaded assembly
- Completed reload, in  4.891 seconds
Domain Reload Profiling:
	ReloadAssembly (4891ms)
		BeginReloadAssembly (3509ms)
			ExecutionOrderSort (0ms)
			DisableScriptedObjects (0ms)
			BackupInstance (0ms)
			ReleaseScriptingObjects (0ms)
			CreateAndSetChildDomain (1ms)
		EndReloadAssembly (852ms)
			LoadAssemblies (3512ms)
			RebuildTransferFunctionScriptingTraits (0ms)
			SetupTypeCache (485ms)
			ReleaseScriptCaches (0ms)
			RebuildScriptCaches (26ms)
			SetupLoadedEditorAssemblies (290ms)
				LogAssemblyErrors (0ms)
				InitializePlatformSupportModulesInManaged (7ms)
				SetLoadedEditorAssemblies (0ms)
				RefreshPlugins (105ms)
				BeforeProcessingInitializeOnLoad (1ms)
				ProcessInitializeOnLoadAttributes (124ms)
				ProcessInitializeOnLoadMethodAttributes (51ms)
				AfterProcessingInitializeOnLoad (0ms)
				EditorAssembliesLoaded (0ms)
			ExecutionOrderSort2 (0ms)
			AwakeInstancesAfterBackupRestoration (0ms)
Platform modules already initialized, skipping
Registering precompiled user dll's ...
Registered in 1.101009 seconds.
Begin MonoManager ReloadAssembly
Symbol file LoadedFromMemory doesn't match image E:\Study\NewTime\Unity Project\GameScreen\Game_Screensavers\Library\PackageCache\com.unity.visualscripting@1.7.8\Editor\VisualScripting.Core\Dependencies\YamlDotNet\Unity.VisualScripting.YamlDotNet.dll
Symbol file LoadedFromMemory doesn't match image E:\Study\NewTime\Unity Project\GameScreen\Game_Screensavers\Library\PackageCache\com.unity.visualscripting@1.7.8\Editor\VisualScripting.Core\Dependencies\DotNetZip\Unity.VisualScripting.IonicZip.dll
Native extension for WindowsStandalone target not found
Native extension for WebGL target not found
Refreshing native plugins compatible for Editor in 0.78 ms, found 3 plugins.
Preloading 0 native plugins for Editor in 0.00 ms.
Mono: successfully reloaded assembly
- Completed reload, in  5.512 seconds
Domain Reload Profiling:
	ReloadAssembly (5513ms)
		BeginReloadAssembly (105ms)
			ExecutionOrderSort (0ms)
			DisableScriptedObjects (6ms)
			BackupInstance (0ms)
			ReleaseScriptingObjects (0ms)
			CreateAndSetChildDomain (21ms)
		EndReloadAssembly (5247ms)
			LoadAssemblies (2713ms)
			RebuildTransferFunctionScriptingTraits (0ms)
			SetupTypeCache (779ms)
			ReleaseScriptCaches (1ms)
			RebuildScriptCaches (53ms)
			SetupLoadedEditorAssemblies (1646ms)
				LogAssemblyErrors (0ms)
				InitializePlatformSupportModulesInManaged (6ms)
				SetLoadedEditorAssemblies (1ms)
				RefreshPlugins (1ms)
				BeforeProcessingInitializeOnLoad (91ms)
				ProcessInitializeOnLoadAttributes (469ms)
				ProcessInitializeOnLoadMethodAttributes (1075ms)
				AfterProcessingInitializeOnLoad (3ms)
				EditorAssembliesLoaded (0ms)
			ExecutionOrderSort2 (0ms)
			AwakeInstancesAfterBackupRestoration (8ms)
Platform modules already initialized, skipping
========================================================================
Worker process is ready to serve import requests
Launched and connected shader compiler UnityShaderCompiler.exe after 0.06 seconds
Refreshing native plugins compatible for Editor in 0.61 ms, found 3 plugins.
Preloading 0 native plugins for Editor in 0.00 ms.
Unloading 3429 Unused Serialized files (Serialized files now loaded: 0)
Unloading 27 unused Assets / (113.5 KB). Loaded Objects now: 3887.
Memory consumption went from 119.6 MB to 119.4 MB.
Total: 3.876100 ms (FindLiveObjects: 0.320400 ms CreateObjectMapping: 0.104500 ms MarkObjects: 3.277100 ms  DeleteObjects: 0.172600 ms)

AssetImportParameters requested are different than current active one (requested -> active):
  custom:video-decoder-ogg-theora: a1e56fd34408186e4bbccfd4996cb3dc -> 
  custom:container-muxer-webm: aa71ff27fc2769a1b78a27578f13a17b -> 
  custom:container-demuxer-webm: 4f35f7cbe854078d1ac9338744f61a02 -> 
  custom:video-encoder-webm-vp8: eb34c28f22e8b96e1ab97ce403110664 -> 
  custom:audio-encoder-webm-vorbis: bf7c407c2cedff20999df2af8eb42d56 -> 
  custom:framework-win-MediaFoundation: 216162199b28c13a410421893ffa2e32 -> 
  custom:container-demuxer-ogg: 62fdf1f143b41e24485cea50d1cbac27 -> 
  custom:video-decoder-webm-vp8: 9c59270c3fd7afecdb556c50c9e8de78 -> 
  custom:audio-decoder-ogg-vorbis: bf7c407c2cedff20999df2af8eb42d56 -> 
========================================================================
Received Import Request.
  Time since last request: 2139.635025 seconds.
  path: Assets/Animation/AnimationCTRL.controller
  artifactKey: Guid(3eec41868f622ad4db06ee5b4bb8c533) Importer(815301076,1909f56bfc062723c751e8b465ee728b)
Start importing Assets/Animation/AnimationCTRL.controller using Guid(3eec41868f622ad4db06ee5b4bb8c533) Importer(815301076,1909f56bfc062723c751e8b465ee728b)  -> (artifact id: '8986e48174efef808e3896c87021b3a4') in 0.041847 seconds 
========================================================================
Received Import Request.
  Time since last request: 114.036590 seconds.
  path: Assets/Screen/Ded
  artifactKey: Guid(7b17094ec1cf5424a8df37493b9c0b2d) Importer(815301076,1909f56bfc062723c751e8b465ee728b)
Start importing Assets/Screen/Ded using Guid(7b17094ec1cf5424a8df37493b9c0b2d) Importer(815301076,1909f56bfc062723c751e8b465ee728b)  -> (artifact id: '19731f0ff9a008f42d6071ffbdc0dccb') in 0.014245 seconds 
========================================================================
Received Import Request.
  Time since last request: 6.684561 seconds.
  path: Assets/Screen/Friend
  artifactKey: Guid(01a3261c12d87824282481e40adf9d54) Importer(815301076,1909f56bfc062723c751e8b465ee728b)
Start importing Assets/Screen/Friend using Guid(01a3261c12d87824282481e40adf9d54) Importer(815301076,1909f56bfc062723c751e8b465ee728b)  -> (artifact id: 'c5847c67c40a6390e30f71a5db6deeeb') in 0.001687 seconds 
========================================================================
Received Import Request.
  Time since last request: 5.210291 seconds.
  path: Assets/Screen/Cat
  artifactKey: Guid(b60d41caa3f5a354d86de6ea96f6a2bb) Importer(815301076,1909f56bfc062723c751e8b465ee728b)
Start importing Assets/Screen/Cat using Guid(b60d41caa3f5a354d86de6ea96f6a2bb) Importer(815301076,1909f56bfc062723c751e8b465ee728b)  -> (artifact id: 'a3639c39b1e637da64f04b61acba1a28') in 0.009944 seconds 
========================================================================
Received Import Request.
  Time since last request: 7.656506 seconds.
  path: Assets/Screen/Ded/Ded_1.png
  artifactKey: Guid(94a8b7dac467beb4fb6f28bb3fcf4f5a) Importer(815301076,1909f56bfc062723c751e8b465ee728b)
Start importing Assets/Screen/Ded/Ded_1.png using Guid(94a8b7dac467beb4fb6f28bb3fcf4f5a) Importer(815301076,1909f56bfc062723c751e8b465ee728b)  -> (artifact id: '7688e28706ba64157bbc8b3950300d3c') in 0.117435 seconds 
========================================================================
Received Import Request.
  Time since last request: 0.000035 seconds.
  path: Assets/Screen/Ded/Ded_end1.png
  artifactKey: Guid(d8375875d3aeb4e45927caebeefcdd7e) Importer(815301076,1909f56bfc062723c751e8b465ee728b)
Start importing Assets/Screen/Ded/Ded_end1.png using Guid(d8375875d3aeb4e45927caebeefcdd7e) Importer(815301076,1909f56bfc062723c751e8b465ee728b)  -> (artifact id: '68e13133d18032bd7b450b320f1d16dd') in 0.029403 seconds 
========================================================================
Received Import Request.
  Time since last request: 0.000042 seconds.
  path: Assets/Screen/Ded/Ded_3.png
  artifactKey: Guid(82ac668d4a66e3f45880d9f494a3bd9c) Importer(815301076,1909f56bfc062723c751e8b465ee728b)
Start importing Assets/Screen/Ded/Ded_3.png using Guid(82ac668d4a66e3f45880d9f494a3bd9c) Importer(815301076,1909f56bfc062723c751e8b465ee728b)  -> (artifact id: '2bd9ddccd44f3780ba0d0e33e278b3da') in 0.025568 seconds 
========================================================================
Received Import Request.
  Time since last request: 10.756001 seconds.
  path: Assets/Screen/Cat/Cat_2.png
  artifactKey: Guid(c2958153d20d28749b1c31f0f239d41f) Importer(815301076,1909f56bfc062723c751e8b465ee728b)
Start importing Assets/Screen/Cat/Cat_2.png using Guid(c2958153d20d28749b1c31f0f239d41f) Importer(815301076,1909f56bfc062723c751e8b465ee728b)  -> (artifact id: '616a2e1ed104f621d1a9fffc88ba50b0') in 0.058490 seconds 
========================================================================
Received Import Request.
  Time since last request: 8.895085 seconds.
  path: Assets/Screen/Friend/Friend_2.png
  artifactKey: Guid(d1c7d07deecb35945840a6a97173a34d) Importer(815301076,1909f56bfc062723c751e8b465ee728b)
Start importing Assets/Screen/Friend/Friend_2.png using Guid(d1c7d07deecb35945840a6a97173a34d) Importer(815301076,1909f56bfc062723c751e8b465ee728b)  -> (artifact id: 'bed52765740234f70d153b3c34a1af68') in 0.049597 seconds 
========================================================================
Received Import Request.
  Time since last request: 35.462955 seconds.
  path: Assets/Screen/Ded/Ded_2.png
  artifactKey: Guid(06ba7434bf3957f4fbe5bf72f78ee673) Importer(815301076,1909f56bfc062723c751e8b465ee728b)
Start importing Assets/Screen/Ded/Ded_2.png using Guid(06ba7434bf3957f4fbe5bf72f78ee673) Importer(815301076,1909f56bfc062723c751e8b465ee728b)  -> (artifact id: 'd3cfe888ee5056da92d3d5d9b31f729a') in 0.013410 seconds 
========================================================================
Received Import Request.
  Time since last request: 0.000039 seconds.
  path: Assets/Screen/Ded/Ded_4.png
  artifactKey: Guid(4c78ddb8424ecf446ac1bc17407b4b9a) Importer(815301076,1909f56bfc062723c751e8b465ee728b)
Start importing Assets/Screen/Ded/Ded_4.png using Guid(4c78ddb8424ecf446ac1bc17407b4b9a) Importer(815301076,1909f56bfc062723c751e8b465ee728b)  -> (artifact id: 'a332291eaa3003a7edc361ecfa8ed785') in 0.013784 seconds 
========================================================================
Received Import Request.
  Time since last request: 0.000044 seconds.
  path: Assets/Screen/Ded/Ded_end2.png
  artifactKey: Guid(c291cced5ae79a3468731f368a331f04) Importer(815301076,1909f56bfc062723c751e8b465ee728b)
Start importing Assets/Screen/Ded/Ded_end2.png using Guid(c291cced5ae79a3468731f368a331f04) Importer(815301076,1909f56bfc062723c751e8b465ee728b)  -> (artifact id: '94ec7fde88d6ae8f4b7c26281968872d') in 0.011937 seconds 
========================================================================
Received Import Request.
  Time since last request: 19.104198 seconds.
  path: Assets/Screen/Cat/Cat_2.png
  artifactKey: Guid(c2958153d20d28749b1c31f0f239d41f) Importer(815301076,1909f56bfc062723c751e8b465ee728b)
Start importing Assets/Screen/Cat/Cat_2.png using Guid(c2958153d20d28749b1c31f0f239d41f) Importer(815301076,1909f56bfc062723c751e8b465ee728b)  -> (artifact id: '2d6ca4b05060fcc49924c4d3adb22ee3') in 0.016577 seconds 
Editor requested this worker to shutdown with reason: Scaling down because of idle timeout
AssetImportWorker is now disconnected from the server
Process exiting
Exiting without the bug reporter. Application will terminate with return code 0